<?xml version="1.0" encoding="UTF-8"?>
<testsuite name="Yo como usuario quiero realizar una busqueda con los filtros que yo requiero para realizar la compra" tests="1" skipped="0" failures="0" errors="0" timestamp="2022-04-22T21:50:14" hostname="DESKTOP-4LH2CPD" time="29.138">
  <properties/>
  <testcase name="validacion de los filtros de busqueda del portal metrocuadrado" classname="Yo como usuario quiero realizar una busqueda con los filtros que yo requiero para realizar la compra" time="29.138"/>
  <system-out><![CDATA[El precio es:360000000
]]></system-out>
  <system-err><![CDATA[[Test worker] INFO io.cucumber.core.plugin.SerenityReporter - Running feature from file:///C:/Users/usuario/IdeaProjects/retoAutomatizaciónElTiempo/src/test/resources/features/filtro_busqueda_metro.feature
[Test worker] INFO  - 
  _____   ___   ___   _____     ___   _____     _     ___   _____   ___   ___  
 |_   _| | __| / __| |_   _|   / __| |_   _|   /_\   | _ \ |_   _| | __| |   \ 
   | |   | _|  \__ \   | |     \__ \   | |    / _ \  |   /   | |   | _|  | |) |
   |_|   |___| |___/   |_|     |___/   |_|   /_/ \_\ |_|_\   |_|   |___| |___/ 

validacion de los filtros de busqueda del portal metrocuadrado(yo-como-usuario-quiero-realizar-una-busqueda-con-los-filtros-que-yo-requiero-para-realizar-la-compra;validacion-de-los-filtros-de-busqueda-del-portal-metrocuadrado)
--------------------------------------------------------------------------------
[Test worker] INFO net.serenitybdd.core.webdriver.driverproviders.ChromeDriverProvider - Using automatically driver download
[Test worker] INFO io.github.bonigarcia.wdm.WebDriverManager - Using chromedriver 100.0.4896.60 (resolved driver for Chrome 100)
[Test worker] INFO io.github.bonigarcia.wdm.WebDriverManager - Exporting webdriver.chrome.driver as C:\Users\usuario\.cache\selenium\chromedriver\win32\100.0.4896.60\chromedriver.exe
[Test worker] INFO net.serenitybdd.core.webdriver.driverproviders.ProvideNewDriver - Instantiating driver
[Test worker] INFO net.serenitybdd.core.webdriver.driverproviders.ProvideNewDriver - Driver capabilities: Capabilities {acceptInsecureCerts: false, browserName: chrome, chrome.switches: --incognito, --start-maximi..., goog:chromeOptions: {args: [--incognito, --start-maximized, --enable-automation, --no-sandobox, --disable-gpu-sanbox], extensions: []}, loggingPrefs: org.openqa.selenium.logging...}
Starting ChromeDriver 100.0.4896.60 (6a5d10861ce8de5fce22564658033b43cb7de047-refs/branch-heads/4896@{#875}) on port 7469
Only local connections are allowed.
Please see https://chromedriver.chromium.org/security-considerations for suggestions on keeping ChromeDriver safe.
ChromeDriver was started successfully.
abr 22, 2022 4:50:17 PM org.openqa.selenium.remote.ProtocolHandshake createSession
INFORMACIÓN: Detected dialect: W3C
[Test worker] INFO  - 
  _____   ___   ___   _____     ___     _     ___   ___   ___   ___  
 |_   _| | __| / __| |_   _|   | _ \   /_\   / __| / __| | __| |   \ 
   | |   | _|  \__ \   | |     |  _/  / _ \  \__ \ \__ \ | _|  | |) |
   |_|   |___| |___/   |_|     |_|   /_/ \_\ |___/ |___/ |___| |___/ 

validacion de los filtros de busqueda del portal metrocuadrado
----------------------------------------------------------------------
]]></system-err>
</testsuite>
